2019-03-21 10:59:30 [scrapy.utils.log] INFO: Scrapy 1.5.1 started (bot: ARGUS)
2019-03-21 10:59:30 [scrapy.utils.log] INFO: Versions: lxml 4.2.4.0, libxml2 2.9.5, cssselect 1.0.3, parsel 1.5.0, w3lib 1.19.0, Twisted 18.7.0, Python 3.6.4 (v3.6.4:d48eceb, Dec 19 2017, 06:54:40) [MSC v.1900 64 bit (AMD64)], pyOpenSSL 18.0.0 (OpenSSL 1.1.0i  14 Aug 2018), cryptography 2.3.1, Platform Windows-7-6.1.7601-SP1
2019-03-21 10:59:30 [scrapy.crawler] INFO: Overridden settings: {'AJAXCRAWL_ENABLED': True, 'BOT_NAME': 'ARGUS', 'COMPRESSION_ENABLED': False, 'CONCURRENT_ITEMS': 200, 'CONCURRENT_REQUESTS': 100, 'COOKIES_ENABLED': False, 'DOWNLOAD_MAXSIZE': 10000000, 'DOWNLOAD_TIMEOUT': 20, 'FEED_URI': 'file:///C:/ARGUS-webarchive/ARGUS-webarchive/items/ARGUS/header/02cef4664bc011e9a8c900505680340c.jl', 'LOG_FILE': 'logs\\ARGUS\\header\\02cef4664bc011e9a8c900505680340c.log', 'LOG_LEVEL': 'INFO', 'NEWSPIDER_MODULE': 'ARGUS.spiders', 'REACTOR_THREADPOOL_MAXSIZE': 30, 'REDIRECT_MAX_TIMES': 2, 'RETRY_ENABLED': False, 'SPIDER_MODULES': ['ARGUS.spiders']}
2019-03-21 10:59:30 [py.warnings] WARNING: c:\python36\lib\site-packages\scrapy\utils\deprecate.py:156: ScrapyDeprecationWarning: `scrapy.contrib.feedexport.FeedExporter` class is deprecated, use `scrapy.extensions.feedexport.FeedExporter` instead
  ScrapyDeprecationWarning)

2019-03-21 10:59:30 [scrapy.middleware] INFO: Enabled extensions:
['scrapy.extensions.corestats.CoreStats',
 'scrapy.extensions.telnet.TelnetConsole',
 'scrapy.extensions.logstats.LogStats']
2019-03-21 10:59:30 [scrapy.middleware] INFO: Enabled downloader middlewares:
['scrapy.downloadermiddlewares.httpauth.HttpAuthMiddleware',
 'scrapy.downloadermiddlewares.downloadtimeout.DownloadTimeoutMiddleware',
 'scrapy.downloadermiddlewares.defaultheaders.DefaultHeadersMiddleware',
 'scrapy_fake_useragent.middleware.RandomUserAgentMiddleware',
 'scrapy.downloadermiddlewares.redirect.RedirectMiddleware',
 'scrapy.downloadermiddlewares.ajaxcrawl.AjaxCrawlMiddleware',
 'scrapy.downloadermiddlewares.redirect.MetaRefreshMiddleware',
 'scrapy.downloadermiddlewares.httpproxy.HttpProxyMiddleware',
 'scrapy.downloadermiddlewares.stats.DownloaderStats']
2019-03-21 10:59:30 [scrapy.middleware] INFO: Enabled spider middlewares:
['scrapy.spidermiddlewares.httperror.HttpErrorMiddleware',
 'scrapy.spidermiddlewares.offsite.OffsiteMiddleware',
 'scrapy.spidermiddlewares.referer.RefererMiddleware',
 'scrapy.spidermiddlewares.urllength.UrlLengthMiddleware',
 'scrapy.spidermiddlewares.depth.DepthMiddleware']
2019-03-21 10:59:30 [scrapy.middleware] INFO: Enabled item pipelines:
['ARGUS.pipelines.TextPipeline']
2019-03-21 10:59:30 [scrapy.core.engine] INFO: Spider opened
2019-03-21 10:59:30 [scrapy.extensions.logstats] INFO: Crawled 0 pages (at 0 pages/min), scraped 0 items (at 0 items/min)
2019-03-21 10:59:31 [scrapy.core.scraper] ERROR: Spider error processing <GET https://www.zew.de/> (referer: None)
Traceback (most recent call last):
  File "c:\python36\lib\site-packages\parsel\selector.py", line 238, in xpath
    **kwargs)
  File "src\lxml\etree.pyx", line 1577, in lxml.etree._Element.xpath
  File "src\lxml\xpath.pxi", line 307, in lxml.etree.XPathElementEvaluator.__call__
  File "src\lxml\xpath.pxi", line 227, in lxml.etree._XPathEvaluatorBase._handle_result
lxml.etree.XPathEvalError: Invalid expression

During handling of the above exception, another exception occurred:

Traceback (most recent call last):
  File "c:\python36\lib\site-packages\twisted\internet\defer.py", line 654, in _runCallbacks
    current.result = callback(current.result, *args, **kw)
  File "C:\ARGUS-webarchive\ARGUS-webarchive\ARGUS\spiders\header.py", line 186, in parse
    loader.add_value("scraped_text", [self.extractText(response)])
  File "C:\ARGUS-webarchive\ARGUS-webarchive\ARGUS\spiders\header.py", line 88, in extractText
    text.append(["keywords", [" ".join(response.xpath("//meta[@name='keywords']/@content()").extract())]]) # paragraph
  File "c:\python36\lib\site-packages\scrapy\http\response\text.py", line 119, in xpath
    return self.selector.xpath(query, **kwargs)
  File "c:\python36\lib\site-packages\parsel\selector.py", line 242, in xpath
    six.reraise(ValueError, ValueError(msg), sys.exc_info()[2])
  File "c:\python36\lib\site-packages\six.py", line 692, in reraise
    raise value.with_traceback(tb)
  File "c:\python36\lib\site-packages\parsel\selector.py", line 238, in xpath
    **kwargs)
  File "src\lxml\etree.pyx", line 1577, in lxml.etree._Element.xpath
  File "src\lxml\xpath.pxi", line 307, in lxml.etree.XPathElementEvaluator.__call__
  File "src\lxml\xpath.pxi", line 227, in lxml.etree._XPathEvaluatorBase._handle_result
ValueError: XPath error: Invalid expression in //meta[@name='keywords']/@content()
2019-03-21 10:59:31 [scrapy.core.engine] INFO: Closing spider (finished)
2019-03-21 10:59:31 [scrapy.statscollectors] INFO: Dumping Scrapy stats:
{'downloader/request_bytes': 724,
 'downloader/request_count': 3,
 'downloader/request_method_count/GET': 3,
 'downloader/response_bytes': 80986,
 'downloader/response_count': 3,
 'downloader/response_status_count/200': 1,
 'downloader/response_status_count/301': 2,
 'finish_reason': 'finished',
 'finish_time': datetime.datetime(2019, 3, 21, 9, 59, 31, 822761),
 'log_count/ERROR': 1,
 'log_count/INFO': 7,
 'log_count/WARNING': 1,
 'response_received_count': 1,
 'scheduler/dequeued': 3,
 'scheduler/dequeued/memory': 3,
 'scheduler/enqueued': 3,
 'scheduler/enqueued/memory': 3,
 'spider_exceptions/ValueError': 1,
 'start_time': datetime.datetime(2019, 3, 21, 9, 59, 30, 349613)}
2019-03-21 10:59:31 [scrapy.core.engine] INFO: Spider closed (finished)
